{
  "RSpec": {
    "coverage": {
      "/Users/Lois/Desktop/win/food/app/helpers/application_helper.rb": [
        1,
        null,
        1,
        0,
        null,
        null,
        1,
        null,
        0,
        0,
        null,
        0,
        null,
        null
      ],
      "/Users/Lois/Desktop/win/food/app/helpers/food_items_helper.rb": [
        1,
        null
      ],
      "/Users/Lois/Desktop/win/food/app/helpers/home_helper.rb": [
        1,
        null
      ],
      "/Users/Lois/Desktop/win/food/app/helpers/orders_helper.rb": [
        1,
        null
      ],
      "/Users/Lois/Desktop/win/food/app/controllers/food_items_controller.rb": [
        1,
        1,
        null,
        null,
        1,
        null,
        null,
        null,
        2,
        0,
        null,
        2,
        null,
        null,
        null,
        2,
        0,
        null,
        null,
        null,
        null,
        null,
        1,
        null,
        null,
        null,
        1,
        0,
        null,
        null,
        null,
        1,
        null,
        null,
        null,
        null,
        1,
        0,
        null,
        0,
        0,
        0,
        0,
        null,
        0,
        0,
        null,
        null,
        null,
        null,
        null,
        null,
        1,
        0,
        0,
        0,
        0,
        null,
        0,
        0,
        null,
        null,
        null,
        null,
        null,
        null,
        1,
        0,
        0,
        0,
        0,
        null,
        null,
        null,
        1,
        null,
        1,
        0,
        null,
        null,
        null,
        1,
        0,
        null,
        null
      ],
      "/Users/Lois/Desktop/win/food/app/controllers/application_controller.rb": [
        1,
        1,
        null
      ],
      "/Users/Lois/Desktop/win/food/app/models/food_item.rb": [
        1,
        1,
        1,
        1,
        1,
        null,
        1,
        0,
        0,
        null,
        0,
        null,
        null,
        null,
        1,
        0,
        null,
        null
      ],
      "/Users/Lois/Desktop/win/food/app/models/application_record.rb": [
        1,
        1,
        null
      ],
      "/Users/Lois/Desktop/win/food/app/channels/application_cable/channel.rb": [
        0,
        0,
        0,
        0
      ],
      "/Users/Lois/Desktop/win/food/app/channels/application_cable/connection.rb": [
        0,
        0,
        0,
        0
      ],
      "/Users/Lois/Desktop/win/food/app/controllers/home_controller.rb": [
        0,
        0,
        0,
        0,
        0,
        0,
        0,
        0,
        0,
        0,
        0,
        0,
        0,
        0,
        0,
        0,
        0,
        0,
        0,
        0,
        0,
        0,
        0,
        0,
        0
      ],
      "/Users/Lois/Desktop/win/food/app/controllers/orders_controller.rb": [
        0,
        0,
        0,
        0,
        0,
        0,
        0,
        0,
        0,
        0,
        0,
        0,
        0,
        0,
        0,
        0,
        0,
        0,
        0,
        0,
        0,
        0,
        0,
        0,
        0,
        0,
        0,
        0,
        0,
        0,
        0,
        0
      ],
      "/Users/Lois/Desktop/win/food/app/jobs/application_job.rb": [
        0,
        0
      ],
      "/Users/Lois/Desktop/win/food/app/mailers/application_mailer.rb": [
        0,
        0,
        0,
        0
      ],
      "/Users/Lois/Desktop/win/food/app/models/order.rb": [
        0,
        0,
        0,
        0
      ],
      "/Users/Lois/Desktop/win/food/app/models/section.rb": [
        0,
        0,
        0,
        0,
        0,
        0,
        0,
        0,
        0,
        0,
        0
      ]
    },
    "timestamp": 1495871909
  }
}
